#
# There is insufficient memory for the Java Runtime Environment to continue.
# Native memory allocation (malloc) failed to allocate 1048576 bytes for AllocateHeap
# Possible reasons:
#   The system is out of physical RAM or swap space
#   The process is running with CompressedOops enabled, and the Java Heap may be blocking the growth of the native heap
# Possible solutions:
#   Reduce memory load on the system
#   Increase physical memory or swap space
#   Check if swap backing store is full
#   Decrease Java heap size (-Xmx/-Xms)
#   Decrease number of Java threads
#   Decrease Java thread stack sizes (-Xss)
#   Set larger code cache with -XX:ReservedCodeCacheSize=
#   JVM is running with Zero Based Compressed Oops mode in which the Java heap is
#     placed in the first 32GB address space. The Java Heap base address is the
#     maximum limit for the native heap growth. Please use -XX:HeapBaseMinAddress
#     to set the Java Heap base and to place the Java Heap above 32GB virtual address.
# This output file may be truncated or incomplete.
#
#  Out of Memory Error (./open/src/hotspot/share/memory/allocation.cpp:44), pid=13352, tid=7072
#
# JRE version: OpenJDK Runtime Environment (15.0.2+7) (build 15.0.2+7-27)
# Java VM: OpenJDK 64-Bit Server VM (15.0.2+7-27, mixed mode, tiered, compressed oops, g1 gc, windows-amd64)
# No core dump will be written. Minidumps are not enabled by default on client versions of Windows
#

---------------  S U M M A R Y ------------

Command Line: -Dfile.encoding=MS949 -XX:+ShowCodeDetailsInExceptionMessages posApp.Main_POS

Host: Intel(R) Core(TM) i7-9700 CPU @ 3.00GHz, 8 cores, 15G,  Windows 10 , 64 bit Build 18362 (10.0.18362.1500)
Time: Mon Jun 13 14:41:11 2022 ¢¥eCN©öI¡¾©ö C¡ÍA¨ª¨öA elapsed time: 0.279837 seconds (0d 0h 0m 0s)

---------------  T H R E A D  ---------------

Current thread (0x0000027285f6f710):  VMThread "VM Thread" [stack: 0x000000bbf6c00000,0x000000bbf6d00000] [id=7072]

Stack: [0x000000bbf6c00000,0x000000bbf6d00000]
[error occurred during error reporting (printing stack bounds), id 0xc0000005, EXCEPTION_ACCESS_VIOLATION (0xc0000005) at pc=0x00000272ea0010ad]

Native frames: (J=compiled Java code, j=interpreted, Vv=VM code, C=native code)
V  [jvm.dll+0x62ae9a]
V  [jvm.dll+0x7817a9]
V  [jvm.dll+0x782f03]
V  [jvm.dll+0x7834c5]
V  [jvm.dll+0x78347b]
V  [jvm.dll+0x62a2b9]
V  [jvm.dll+0x62aa88]
C  [ntdll.dll+0xa1fff]
C  [ntdll.dll+0x6aad9]
C  [ntdll.dll+0xa0c6e]
C  0x00000272ea0010ad

VM_Operation (0x000000bbf66fb170): CollectForMetadataAllocation, mode: safepoint, requested by thread 0x00000272e65f6800


---------------  P R O C E S S  ---------------

Threads class SMR info:
_java_thread_list=0x00000272865bbaf0, length=15, elements={
0x00000272e65f6800, 0x0000027285fa4010, 0x0000027285fa5470, 0x0000027285fd37f0,
0x0000027285fe8290, 0x0000027285fe8c50, 0x0000027285fe9c40, 0x0000027285fee040,
0x0000027285ff3270, 0x0000027286168d60, 0x0000027286169540, 0x00000272864b4620,
0x00000272864b5310, 0x00000272864b5a20, 0x00000272865bc030
}

Java Threads: ( => current thread )
  0x00000272e65f6800 JavaThread "main" [_thread_blocked, id=14244, stack(0x000000bbf6600000,0x000000bbf6700000)]
  0x0000027285fa4010 JavaThread "Reference Handler" daemon [_thread_blocked, id=13620, stack(0x000000bbf6d00000,0x000000bbf6e00000)]
  0x0000027285fa5470 JavaThread "Finalizer" daemon [_thread_blocked, id=12164, stack(0x000000bbf6e00000,0x000000bbf6f00000)]
  0x0000027285fd37f0 JavaThread "Signal Dispatcher" daemon [_thread_blocked, id=8612, stack(0x000000bbf6f00000,0x000000bbf7000000)]
  0x0000027285fe8290 JavaThread "Attach Listener" daemon [_thread_blocked, id=15320, stack(0x000000bbf7000000,0x000000bbf7100000)]
  0x0000027285fe8c50 JavaThread "Service Thread" daemon [_thread_blocked, id=11612, stack(0x000000bbf7100000,0x000000bbf7200000)]
  0x0000027285fe9c40 JavaThread "C2 CompilerThread0" daemon [_thread_blocked, id=11364, stack(0x000000bbf7200000,0x000000bbf7300000)]
  0x0000027285fee040 JavaThread "C1 CompilerThread0" daemon [_thread_blocked, id=3564, stack(0x000000bbf7300000,0x000000bbf7400000)]
  0x0000027285ff3270 JavaThread "Sweeper thread" daemon [_thread_blocked, id=9692, stack(0x000000bbf7400000,0x000000bbf7500000)]
  0x0000027286168d60 JavaThread "Notification Thread" daemon [_thread_blocked, id=2192, stack(0x000000bbf7500000,0x000000bbf7600000)]
  0x0000027286169540 JavaThread "Common-Cleaner" daemon [_thread_blocked, id=13700, stack(0x000000bbf7700000,0x000000bbf7800000)]
  0x00000272864b4620 JavaThread "Java2D Disposer" daemon [_thread_blocked, id=4396, stack(0x000000bbf7800000,0x000000bbf7900000)]
  0x00000272864b5310 JavaThread "AWT-Shutdown" [_thread_blocked, id=10324, stack(0x000000bbf7900000,0x000000bbf7a00000)]
  0x00000272864b5a20 JavaThread "AWT-Windows" daemon [_thread_in_native, id=2780, stack(0x000000bbf7a00000,0x000000bbf7b00000)]
  0x00000272865bc030 JavaThread "AWT-EventQueue-0" [_thread_blocked, id=10700, stack(0x000000bbf7b00000,0x000000bbf7c00000)]

Other Threads:
=>0x0000027285f6f710 VMThread "VM Thread" [stack: 0x000000bbf6c00000,0x000000bbf6d00000] [id=7072]
  0x0000027286169230 WatcherThread [stack: 0x000000bbf7600000,0x000000bbf7700000] [id=11228]
  0x00000272e6646870 GCTaskThread "GC Thread#0" [stack: 0x000000bbf6700000,0x000000bbf6800000] [id=14712]
  0x00000272865c98c0 GCTaskThread "GC Thread#1" [stack: 0x000000bbf7c00000,0x000000bbf7d00000] [id=4912]
  0x00000272865c9bf0 GCTaskThread "GC Thread#2" [stack: 0x000000bbf7d00000,0x000000bbf7e00000] [id=13960]
  0x00000272865cb240 GCTaskThread "GC Thread#3" [stack: 0x000000bbf7e00000,0x000000bbf7f00000] [id=11728]
  0x00000272865cc230 GCTaskThread "GC Thread#4" [stack: 0x000000bbf7f00000,0x000000bbf8000000] [id=4584]
  0x00000272865caf10 GCTaskThread "GC Thread#5" [stack: 0x000000bbf8000000,0x000000bbf8100000] [id=14992]
  0x00000272e66577c0 ConcurrentGCThread "G1 Main Marker" [stack: 0x000000bbf6800000,0x000000bbf6900000] [id=3724]
  0x00000272e6659be0 ConcurrentGCThread "G1 Conc#0" [stack: 0x000000bbf6900000,0x000000bbf6a00000] [id=9892]
  0x00000272865cb570 ConcurrentGCThread "G1 Conc#1" [stack: 0x000000bbf8100000,0x000000bbf8200000] [id=6308]
  0x00000272ff3520d0 ConcurrentGCThread "G1 Refine#0" [stack: 0x000000bbf6a00000,0x000000bbf6b00000] [id=12640]
  0x00000272ff352be0 ConcurrentGCThread "G1 Young RemSet Sampling" [stack: 0x000000bbf6b00000,0x000000bbf6c00000] [id=5920]

Threads with active compile tasks:

VM state: at safepoint (normal execution)

VM Mutex/Monitor currently owned by a thread:  ([mutex/lock_event])
[0x00000272e65f2880] Threads_lock - owner thread: 0x0000027285f6f710
[0x00000272e65f1e60] Heap_lock - owner thread: 0x00000272e65f6800

Heap address: 0x0000000703800000, size: 4040 MB, Compressed Oops mode: Zero based, Oop shift amount: 3
CDS disabled.
Compressed class space mapped at: 0x0000000800000000-0x0000000840000000, size: 1073741824
Narrow klass base: 0x0000000800000000, Narrow klass shift: 0, Narrow klass range: 0x40000000

GC Precious Log:
 CPUs: 8 total, 8 available
 Memory: 16158M
 Large Page Support: Disabled
 NUMA Support: Disabled
 Compressed Oops: Enabled (Zero based)
 Heap Region Size: 2M
 Heap Min Capacity: 8M
 Heap Initial Capacity: 254M
 Heap Max Capacity: 4040M
 Pre-touch: Disabled
 Parallel Workers: 8
 Concurrent Workers: 2
 Concurrent Refinement Workers: 8
 Periodic GC: Disabled

Heap:
 garbage-first heap   total 260096K, used 1839K [0x0000000703800000, 0x0000000800000000)
  region size 2048K, 1 young (2048K), 1 survivors (2048K)
 Metaspace       used 12734K, capacity 12843K, committed 12928K, reserved 1099776K
  class space    used 1265K, capacity 1336K, committed 1408K, reserved 1048576K

Heap Regions: E=young(eden), S=young(survivor), O=old, HS=humongous(starts), HC=humongous(continues), CS=collection set, F=free, OA=open archive, CA=closed archive, TAMS=top-at-mark-start (previous, next)
|   0|0x0000000703800000, 0x0000000703800000, 0x0000000703a00000|  0%| F|  |TAMS 0x0000000703800000, 0x0000000703800000| Untracked 
|   1|0x0000000703a00000, 0x0000000703a00000, 0x0000000703c00000|  0%| F|  |TAMS 0x0000000703a00000, 0x0000000703a00000| Untracked 
|   2|0x0000000703c00000, 0x0000000703c00000, 0x0000000703e00000|  0%| F|  |TAMS 0x0000000703c00000, 0x0000000703c00000| Untracked 
|   3|0x0000000703e00000, 0x0000000703e00000, 0x0000000704000000|  0%| F|  |TAMS 0x0000000703e00000, 0x0000000703e00000| Untracked 
|   4|0x0000000704000000, 0x0000000704000000, 0x0000000704200000|  0%| F|  |TAMS 0x0000000704000000, 0x0000000704000000| Untracked 
|   5|0x0000000704200000, 0x0000000704200000, 0x0000000704400000|  0%| F|  |TAMS 0x0000000704200000, 0x0000000704200000| Untracked 
|   6|0x0000000704400000, 0x0000000704400000, 0x0000000704600000|  0%| F|  |TAMS 0x0000000704400000, 0x0000000704400000| Untracked 
|   7|0x0000000704600000, 0x0000000704600000, 0x0000000704800000|  0%| F|  |TAMS 0x0000000704600000, 0x0000000704600000| Untracked 
|   8|0x0000000704800000, 0x0000000704800000, 0x0000000704a00000|  0%| F|  |TAMS 0x0000000704800000, 0x0000000704800000| Untracked 
|   9|0x0000000704a00000, 0x0000000704a00000, 0x0000000704c00000|  0%| F|  |TAMS 0x0000000704a00000, 0x0000000704a00000| Untracked 
|  10|0x0000000704c00000, 0x0000000704c00000, 0x0000000704e00000|  0%| F|  |TAMS 0x0000000704c00000, 0x0000000704c00000| Untracked 
|  11|0x0000000704e00000, 0x0000000704e00000, 0x0000000705000000|  0%| F|  |TAMS 0x0000000704e00000, 0x0000000704e00000| Untracked 
|  12|0x0000000705000000, 0x0000000705000000, 0x0000000705200000|  0%| F|  |TAMS 0x0000000705000000, 0x0000000705000000| Untracked 
|  13|0x0000000705200000, 0x0000000705200000, 0x0000000705400000|  0%| F|  |TAMS 0x0000000705200000, 0x0000000705200000| Untracked 
|  14|0x0000000705400000, 0x0000000705400000, 0x0000000705600000|  0%| F|  |TAMS 0x0000000705400000, 0x0000000705400000| Untracked 
|  15|0x0000000705600000, 0x0000000705600000, 0x0000000705800000|  0%| F|  |TAMS 0x0000000705600000, 0x0000000705600000| Untracked 
|  16|0x0000000705800000, 0x0000000705800000, 0x0000000705a00000|  0%| F|  |TAMS 0x0000000705800000, 0x0000000705800000| Untracked 
|  17|0x0000000705a00000, 0x0000000705a00000, 0x0000000705c00000|  0%| F|  |TAMS 0x0000000705a00000, 0x0000000705a00000| Untracked 
|  18|0x0000000705c00000, 0x0000000705c00000, 0x0000000705e00000|  0%| F|  |TAMS 0x0000000705c00000, 0x0000000705c00000| Untracked 
|  19|0x0000000705e00000, 0x0000000705e00000, 0x0000000706000000|  0%| F|  |TAMS 0x0000000705e00000, 0x0000000705e00000| Untracked 
|  20|0x0000000706000000, 0x0000000706000000, 0x0000000706200000|  0%| F|  |TAMS 0x0000000706000000, 0x0000000706000000| Untracked 
|  21|0x0000000706200000, 0x0000000706200000, 0x0000000706400000|  0%| F|  |TAMS 0x0000000706200000, 0x0000000706200000| Untracked 
|  22|0x0000000706400000, 0x0000000706400000, 0x0000000706600000|  0%| F|  |TAMS 0x0000000706400000, 0x0000000706400000| Untracked 
|  23|0x0000000706600000, 0x0000000706600000, 0x0000000706800000|  0%| F|  |TAMS 0x0000000706600000, 0x0000000706600000| Untracked 
|  24|0x0000000706800000, 0x0000000706800000, 0x0000000706a00000|  0%| F|  |TAMS 0x0000000706800000, 0x0000000706800000| Untracked 
|  25|0x0000000706a00000, 0x0000000706a00000, 0x0000000706c00000|  0%| F|  |TAMS 0x0000000706a00000, 0x0000000706a00000| Untracked 
|  26|0x0000000706c00000, 0x0000000706c00000, 0x0000000706e00000|  0%| F|  |TAMS 0x0000000706c00000, 0x0000000706c00000| Untracked 
|  27|0x0000000706e00000, 0x0000000706e00000, 0x0000000707000000|  0%| F|  |TAMS 0x0000000706e00000, 0x0000000706e00000| Untracked 
|  28|0x0000000707000000, 0x0000000707000000, 0x0000000707200000|  0%| F|  |TAMS 0x0000000707000000, 0x0000000707000000| Untracked 
|  29|0x0000000707200000, 0x0000000707200000, 0x0000000707400000|  0%| F|  |TAMS 0x0000000707200000, 0x0000000707200000| Untracked 
|  30|0x0000000707400000, 0x0000000707400000, 0x0000000707600000|  0%| F|  |TAMS 0x0000000707400000, 0x0000000707400000| Untracked 
|  31|0x0000000707600000, 0x0000000707600000, 0x0000000707800000|  0%| F|  |TAMS 0x0000000707600000, 0x0000000707600000| Untracked 
|  32|0x0000000707800000, 0x0000000707800000, 0x0000000707a00000|  0%| F|  |TAMS 0x0000000707800000, 0x0000000707800000| Untracked 
|  33|0x0000000707a00000, 0x0000000707a00000, 0x0000000707c00000|  0%| F|  |TAMS 0x0000000707a00000, 0x0000000707a00000| Untracked 
|  34|0x0000000707c00000, 0x0000000707c00000, 0x0000000707e00000|  0%| F|  |TAMS 0x0000000707c00000, 0x0000000707c00000| Untracked 
|  35|0x0000000707e00000, 0x0000000707e00000, 0x0000000708000000|  0%| F|  |TAMS 0x0000000707e00000, 0x0000000707e00000| Untracked 
|  36|0x0000000708000000, 0x0000000708000000, 0x0000000708200000|  0%| F|  |TAMS 0x0000000708000000, 0x0000000708000000| Untracked 
|  37|0x0000000708200000, 0x0000000708200000, 0x0000000708400000|  0%| F|  |TAMS 0x0000000708200000, 0x0000000708200000| Untracked 
|  38|0x0000000708400000, 0x0000000708400000, 0x0000000708600000|  0%| F|  |TAMS 0x0000000708400000, 0x0000000708400000| Untracked 
|  39|0x0000000708600000, 0x0000000708600000, 0x0000000708800000|  0%| F|  |TAMS 0x0000000708600000, 0x0000000708600000| Untracked 
|  40|0x0000000708800000, 0x0000000708800000, 0x0000000708a00000|  0%| F|  |TAMS 0x0000000708800000, 0x0000000708800000| Untracked 
|  41|0x0000000708a00000, 0x0000000708a00000, 0x0000000708c00000|  0%| F|  |TAMS 0x0000000708a00000, 0x0000000708a00000| Untracked 
|  42|0x0000000708c00000, 0x0000000708c00000, 0x0000000708e00000|  0%| F|  |TAMS 0x0000000708c00000, 0x0000000708c00000| Untracked 
|  43|0x0000000708e00000, 0x0000000708e00000, 0x0000000709000000|  0%| F|  |TAMS 0x0000000708e00000, 0x0000000708e00000| Untracked 
|  44|0x0000000709000000, 0x0000000709000000, 0x0000000709200000|  0%| F|  |TAMS 0x0000000709000000, 0x0000000709000000| Untracked 
|  45|0x0000000709200000, 0x0000000709200000, 0x0000000709400000|  0%| F|  |TAMS 0x0000000709200000, 0x0000000709200000| Untracked 
|  46|0x0000000709400000, 0x0000000709400000, 0x0000000709600000|  0%| F|  |TAMS 0x0000000709400000, 0x0000000709400000| Untracked 
|  47|0x0000000709600000, 0x0000000709600000, 0x0000000709800000|  0%| F|  |TAMS 0x0000000709600000, 0x0000000709600000| Untracked 
|  48|0x0000000709800000, 0x0000000709800000, 0x0000000709a00000|  0%| F|  |TAMS 0x0000000709800000, 0x0000000709800000| Untracked 
|  49|0x0000000709a00000, 0x0000000709a00000, 0x0000000709c00000|  0%| F|  |TAMS 0x0000000709a00000, 0x0000000709a00000| Untracked 
|  50|0x0000000709c00000, 0x0000000709c00000, 0x0000000709e00000|  0%| F|  |TAMS 0x0000000709c00000, 0x0000000709c00000| Untracked 
|  51|0x0000000709e00000, 0x0000000709e00000, 0x000000070a000000|  0%| F|  |TAMS 0x0000000709e00000, 0x0000000709e00000| Untracked 
|  52|0x000000070a000000, 0x000000070a000000, 0x000000070a200000|  0%| F|  |TAMS 0x000000070a000000, 0x000000070a000000| Untracked 
|  53|0x000000070a200000, 0x000000070a200000, 0x000000070a400000|  0%| F|  |TAMS 0x000000070a200000, 0x000000070a200000| Untracked 
|  54|0x000000070a400000, 0x000000070a400000, 0x000000070a600000|  0%| F|  |TAMS 0x000000070a400000, 0x000000070a400000| Untracked 
|  55|0x000000070a600000, 0x000000070a600000, 0x000000070a800000|  0%| F|  |TAMS 0x000000070a600000, 0x000000070a600000| Untracked 
|  56|0x000000070a800000, 0x000000070a800000, 0x000000070aa00000|  0%| F|  |TAMS 0x000000070a800000, 0x000000070a800000| Untracked 
|  57|0x000000070aa00000, 0x000000070aa00000, 0x000000070ac00000|  0%| F|  |TAMS 0x000000070aa00000, 0x000000070aa00000| Untracked 
|  58|0x000000070ac00000, 0x000000070ac00000, 0x000000070ae00000|  0%| F|  |TAMS 0x000000070ac00000, 0x000000070ac00000| Untracked 
|  59|0x000000070ae00000, 0x000000070ae00000, 0x000000070b000000|  0%| F|  |TAMS 0x000000070ae00000, 0x000000070ae00000| Untracked 
|  60|0x000000070b000000, 0x000000070b000000, 0x000000070b200000|  0%| F|  |TAMS 0x000000070b000000, 0x000000070b000000| Untracked 
|  61|0x000000070b200000, 0x000000070b200000, 0x000000070b400000|  0%| F|  |TAMS 0x000000070b200000, 0x000000070b200000| Untracked 
|  62|0x000000070b400000, 0x000000070b400000, 0x000000070b600000|  0%| F|  |TAMS 0x000000070b400000, 0x000000070b400000| Untracked 
|  63|0x000000070b600000, 0x000000070b600000, 0x000000070b800000|  0%| F|  |TAMS 0x000000070b600000, 0x000000070b600000| Untracked 
|  64|0x000000070b800000, 0x000000070b800000, 0x000000070ba00000|  0%| F|  |TAMS 0x000000070b800000, 0x000000070b800000| Untracked 
|  65|0x000000070ba00000, 0x000000070ba00000, 0x000000070bc00000|  0%| F|  |TAMS 0x000000070ba00000, 0x000000070ba00000| Untracked 
|  66|0x000000070bc00000, 0x000000070bc00000, 0x000000070be00000|  0%| F|  |TAMS 0x000000070bc00000, 0x000000070bc00000| Untracked 
|  67|0x000000070be00000, 0x000000070be00000, 0x000000070c000000|  0%| F|  |TAMS 0x000000070be00000, 0x000000070be00000| Untracked 
|  68|0x000000070c000000, 0x000000070c000000, 0x000000070c200000|  0%| F|  |TAMS 0x000000070c000000, 0x000000070c000000| Untracked 
|  69|0x000000070c200000, 0x000000070c200000, 0x000000070c400000|  0%| F|  |TAMS 0x000000070c200000, 0x000000070c200000| Untracked 
|  70|0x000000070c400000, 0x000000070c400000, 0x000000070c600000|  0%| F|  |TAMS 0x000000070c400000, 0x000000070c400000| Untracked 
|  71|0x000000070c600000, 0x000000070c600000, 0x000000070c800000|  0%| F|  |TAMS 0x000000070c600000, 0x000000070c600000| Untracked 
|  72|0x000000070c800000, 0x000000070c800000, 0x000000070ca00000|  0%| F|  |TAMS 0x000000070c800000, 0x000000070c800000| Untracked 
|  73|0x000000070ca00000, 0x000000070ca00000, 0x000000070cc00000|  0%| F|  |TAMS 0x000000070ca00000, 0x000000070ca00000| Untracked 
|  74|0x000000070cc00000, 0x000000070cc00000, 0x000000070ce00000|  0%| F|  |TAMS 0x000000070cc00000, 0x000000070cc00000| Untracked 
|  75|0x000000070ce00000, 0x000000070ce00000, 0x000000070d000000|  0%| F|  |TAMS 0x000000070ce00000, 0x000000070ce00000| Untracked 
|  76|0x000000070d000000, 0x000000070d000000, 0x000000070d200000|  0%| F|  |TAMS 0x000000070d000000, 0x000000070d000000| Untracked 
|  77|0x000000070d200000, 0x000000070d200000, 0x000000070d400000|  0%| F|  |TAMS 0x000000070d200000, 0x000000070d200000| Untracked 
|  78|0x000000070d400000, 0x000000070d400000, 0x000000070d600000|  0%| F|  |TAMS 0x000000070d400000, 0x000000070d400000| Untracked 
|  79|0x000000070d600000, 0x000000070d600000, 0x000000070d800000|  0%| F|  |TAMS 0x000000070d600000, 0x000000070d600000| Untracked 
|  80|0x000000070d800000, 0x000000070d800000, 0x000000070da00000|  0%| F|  |TAMS 0x000000070d800000, 0x000000070d800000| Untracked 
|  81|0x000000070da00000, 0x000000070da00000, 0x000000070dc00000|  0%| F|  |TAMS 0x000000070da00000, 0x000000070da00000| Untracked 
|  82|0x000000070dc00000, 0x000000070dc00000, 0x000000070de00000|  0%| F|  |TAMS 0x000000070dc00000, 0x000000070dc00000| Untracked 
|  83|0x000000070de00000, 0x000000070de00000, 0x000000070e000000|  0%| F|  |TAMS 0x000000070de00000, 0x000000070de00000| Untracked 
|  84|0x000000070e000000, 0x000000070e000000, 0x000000070e200000|  0%| F|  |TAMS 0x000000070e000000, 0x000000070e000000| Untracked 
|  85|0x000000070e200000, 0x000000070e200000, 0x000000070e400000|  0%| F|  |TAMS 0x000000070e200000, 0x000000070e200000| Untracked 
|  86|0x000000070e400000, 0x000000070e400000, 0x000000070e600000|  0%| F|  |TAMS 0x000000070e400000, 0x000000070e400000| Untracked 
|  87|0x000000070e600000, 0x000000070e600000, 0x000000070e800000|  0%| F|  |TAMS 0x000000070e600000, 0x000000070e600000| Untracked 
|  88|0x000000070e800000, 0x000000070e800000, 0x000000070ea00000|  0%| F|  |TAMS 0x000000070e800000, 0x000000070e800000| Untracked 
|  89|0x000000070ea00000, 0x000000070ea00000, 0x000000070ec00000|  0%| F|  |TAMS 0x000000070ea00000, 0x000000070ea00000| Untracked 
|  90|0x000000070ec00000, 0x000000070ec00000, 0x000000070ee00000|  0%| F|  |TAMS 0x000000070ec00000, 0x000000070ec00000| Untracked 
|  91|0x000000070ee00000, 0x000000070ee00000, 0x000000070f000000|  0%| F|  |TAMS 0x000000070ee00000, 0x000000070ee00000| Untracked 
|  92|0x000000070f000000, 0x000000070f000000, 0x000000070f200000|  0%| F|  |TAMS 0x000000070f000000, 0x000000070f000000| Untracked 
|  93|0x000000070f200000, 0x000000070f200000, 0x000000070f400000|  0%| F|  |TAMS 0x000000070f200000, 0x000000070f200000| Untracked 
|  94|0x000000070f400000, 0x000000070f400000, 0x000000070f600000|  0%| F|  |TAMS 0x000000070f400000, 0x000000070f400000| Untracked 
|  95|0x000000070f600000, 0x000000070f600000, 0x000000070f800000|  0%| F|  |TAMS 0x000000070f600000, 0x000000070f600000| Untracked 
|  96|0x000000070f800000, 0x000000070f800000, 0x000000070fa00000|  0%| F|  |TAMS 0x000000070f800000, 0x000000070f800000| Untracked 
|  97|0x000000070fa00000, 0x000000070fa00000, 0x000000070fc00000|  0%| F|  |TAMS 0x000000070fa00000, 0x000000070fa00000| Untracked 
|  98|0x000000070fc00000, 0x000000070fc00000, 0x000000070fe00000|  0%| F|  |TAMS 0x000000070fc00000, 0x000000070fc00000| Untracked 
|  99|0x000000070fe00000, 0x000000070fe00000, 0x0000000710000000|  0%| F|  |TAMS 0x000000070fe00000, 0x000000070fe00000| Untracked 
| 100|0x0000000710000000, 0x0000000710000000, 0x0000000710200000|  0%| F|  |TAMS 0x0000000710000000, 0x0000000710000000| Untracked 
| 101|0x0000000710200000, 0x0000000710200000, 0x0000000710400000|  0%| F|  |TAMS 0x0000000710200000, 0x0000000710200000| Untracked 
| 102|0x0000000710400000, 0x0000000710400000, 0x0000000710600000|  0%| F|  |TAMS 0x0000000710400000, 0x0000000710400000| Untracked 
| 103|0x0000000710600000, 0x0000000710600000, 0x0000000710800000|  0%| F|  |TAMS 0x0000000710600000, 0x0000000710600000| Untracked 
| 104|0x0000000710800000, 0x0000000710800000, 0x0000000710a00000|  0%| F|  |TAMS 0x0000000710800000, 0x0000000710800000| Untracked 
| 105|0x0000000710a00000, 0x0000000710a00000, 0x0000000710c00000|  0%| F|  |TAMS 0x0000000710a00000, 0x0000000710a00000| Untracked 
| 106|0x0000000710c00000, 0x0000000710c00000, 0x0000000710e00000|  0%| F|  |TAMS 0x0000000710c00000, 0x0000000710c00000| Untracked 
| 107|0x0000000710e00000, 0x0000000710e00000, 0x0000000711000000|  0%| F|  |TAMS 0x0000000710e00000, 0x0000000710e00000| Untracked 
| 108|0x0000000711000000, 0x0000000711000000, 0x0000000711200000|  0%| F|  |TAMS 0x0000000711000000, 0x0000000711000000| Untracked 
| 109|0x0000000711200000, 0x0000000711200000, 0x0000000711400000|  0%| F|  |TAMS 0x0000000711200000, 0x0000000711200000| Untracked 
| 110|0x0000000711400000, 0x0000000711400000, 0x0000000711600000|  0%| F|  |TAMS 0x0000000711400000, 0x0000000711400000| Untracked 
| 111|0x0000000711600000, 0x0000000711600000, 0x0000000711800000|  0%| F|  |TAMS 0x0000000711600000, 0x0000000711600000| Untracked 
| 112|0x0000000711800000, 0x0000000711800000, 0x0000000711a00000|  0%| F|  |TAMS 0x0000000711800000, 0x0000000711800000| Untracked 
| 113|0x0000000711a00000, 0x0000000711a00000, 0x0000000711c00000|  0%| F|  |TAMS 0x0000000711a00000, 0x0000000711a00000| Untracked 
| 114|0x0000000711c00000, 0x0000000711c00000, 0x0000000711e00000|  0%| F|  |TAMS 0x0000000711c00000, 0x0000000711c00000| Untracked 
| 115|0x0000000711e00000, 0x0000000711e00000, 0x0000000712000000|  0%| F|  |TAMS 0x0000000711e00000, 0x0000000711e00000| Untracked 
| 116|0x0000000712000000, 0x0000000712000000, 0x0000000712200000|  0%| F|  |TAMS 0x0000000712000000, 0x0000000712000000| Untracked 
| 117|0x0000000712200000, 0x0000000712200000, 0x0000000712400000|  0%| F|  |TAMS 0x0000000712200000, 0x0000000712200000| Untracked 
| 118|0x0000000712400000, 0x0000000712400000, 0x0000000712600000|  0%| F|  |TAMS 0x0000000712400000, 0x0000000712400000| Untracked 
| 119|0x0000000712600000, 0x0000000712600000, 0x0000000712800000|  0%| F|  |TAMS 0x0000000712600000, 0x0000000712600000| Untracked 
| 120|0x0000000712800000, 0x0000000712800000, 0x0000000712a00000|  0%| F|  |TAMS 0x0000000712800000, 0x0000000712800000| Untracked 
| 121|0x0000000712a00000, 0x0000000712a00000, 0x0000000712c00000|  0%| F|  |TAMS 0x0000000712a00000, 0x0000000712a00000| Untracked 
| 122|0x0000000712c00000, 0x0000000712c00000, 0x0000000712e00000|  0%| F|  |TAMS 0x0000000712c00000, 0x0000000712c00000| Untracked 
| 123|0x0000000712e00000, 0x0000000712fcbe08, 0x0000000713000000| 89%| S|CS|TAMS 0x0000000712e00000, 0x0000000712e00000| Complete 
| 124|0x0000000713000000, 0x0000000713000000, 0x0000000713200000|  0%| F|  |TAMS 0x0000000713000000, 0x0000000713000000| Untracked 
| 125|0x0000000713200000, 0x0000000713200000, 0x0000000713400000|  0%| F|  |TAMS 0x0000000713200000, 0x0000000713200000| Untracked 
| 126|0x0000000713400000, 0x0000000713400000, 0x0000000713600000|  0%| F|  |TAMS 0x0000000713400000, 0x0000000713400000| Untracked 

Card table byte_map: [0x00000272f9b30000,0x00000272fa320000] _byte_map_base: 0x00000272f6314000

Marking Bits (Prev, Next): (CMBitMap*) 0x00000272e66470e0, (CMBitMap*) 0x00000272e6647120
 Prev Bits: [0x00000272fab10000, 0x00000272fea30000)
 Next Bits: [0x0000027280000000, 0x0000027283f20000)

Polling page: 0x00000272e5dc0000

Metaspace:

Usage:
  Non-class:     11.24 MB capacity,    11.20 MB (>99%) used,    24.43 KB ( <1%) free+waste,    13.44 KB ( <1%) overhead. 
      Class:      1.30 MB capacity,     1.24 MB ( 95%) used,    65.65 KB (  5%) free+waste,     4.94 KB ( <1%) overhead. 
       Both:     12.54 MB capacity,    12.44 MB (>99%) used,    90.08 KB ( <1%) free+waste,    18.38 KB ( <1%) overhead. 

Virtual space:
  Non-class space:       50.00 MB reserved,      11.25 MB ( 23%) committed 
      Class space:        1.00 GB reserved,       1.38 MB ( <1%) committed 
             Both:        1.05 GB reserved,      12.63 MB (  1%) committed 

Chunk freelists:
   Non-Class:  13.00 KB
       Class:  8.00 KB
        Both:  21.00 KB

MaxMetaspaceSize: 17179869184.00 GB
CompressedClassSpaceSize: 1.00 GB

CodeHeap 'non-profiled nmethods': size=120000Kb used=148Kb max_used=148Kb free=119851Kb
 bounds [0x00000272f1ad0000, 0x00000272f1d40000, 0x00000272f9000000]
CodeHeap 'profiled nmethods': size=120000Kb used=747Kb max_used=747Kb free=119253Kb
 bounds [0x00000272ea5a0000, 0x00000272ea810000, 0x00000272f1ad0000]
CodeHeap 'non-nmethods': size=5760Kb used=1231Kb max_used=1231Kb free=4528Kb
 bounds [0x00000272ea000000, 0x00000272ea270000, 0x00000272ea5a0000]
 total_blobs=1032 nmethods=525 adapters=420
 compilation: enabled
              stopped_count=0, restarted_count=0
 full_count=0

Compilation events (20 events):
Event: 0.260 Thread 0x0000027285fee040  516       1       java.lang.reflect.Method::getModifiers (5 bytes)
Event: 0.260 Thread 0x0000027285fee040 nmethod 516 0x00000272f1af4610 code [0x00000272f1af47a0, 0x00000272f1af4858]
Event: 0.260 Thread 0x0000027285fee040  517       1       java.lang.reflect.Method::getReturnType (5 bytes)
Event: 0.260 Thread 0x0000027285fee040 nmethod 517 0x00000272f1af4910 code [0x00000272f1af4aa0, 0x00000272f1af4b58]
Event: 0.260 Thread 0x0000027285fee040  518       1       java.awt.Component::getParent_NoClientCode (5 bytes)
Event: 0.260 Thread 0x0000027285fee040 nmethod 518 0x00000272f1af4c10 code [0x00000272f1af4da0, 0x00000272f1af4e58]
Event: 0.261 Thread 0x0000027285fee040  519       3       java.awt.Component::getTreeLock (4 bytes)
Event: 0.261 Thread 0x0000027285fee040 nmethod 519 0x00000272ea658010 code [0x00000272ea6581a0, 0x00000272ea6582b8]
Event: 0.262 Thread 0x0000027285fee040  520       3       java.util.HashSet::add (20 bytes)
Event: 0.262 Thread 0x0000027285fee040 nmethod 520 0x00000272ea658390 code [0x00000272ea658540, 0x00000272ea658768]
Event: 0.262 Thread 0x0000027285fee040  522       3       java.lang.Integer::hashCode (2 bytes)
Event: 0.262 Thread 0x0000027285fee040 nmethod 522 0x00000272ea658810 code [0x00000272ea6589a0, 0x00000272ea658a78]
Event: 0.262 Thread 0x0000027285fee040  521       3       java.lang.Integer::hashCode (8 bytes)
Event: 0.262 Thread 0x0000027285fee040 nmethod 521 0x00000272ea658b10 code [0x00000272ea658ca0, 0x00000272ea658df8]
Event: 0.266 Thread 0x0000027285fee040  523       3       java.lang.Module::isNamed (13 bytes)
Event: 0.266 Thread 0x0000027285fee040 nmethod 523 0x00000272ea658e90 code [0x00000272ea659020, 0x00000272ea659178]
Event: 0.266 Thread 0x0000027285fee040  524       3       java.lang.invoke.MethodHandles$Lookup::checkSecurityManager (104 bytes)
Event: 0.266 Thread 0x0000027285fe9c40  525       4       jdk.internal.org.objectweb.asm.ByteVector::putShort (52 bytes)
Event: 0.266 Thread 0x0000027285fee040 nmethod 524 0x00000272ea659210 code [0x00000272ea659520, 0x00000272ea65a6e8]
Event: 0.267 Thread 0x0000027285fe9c40 nmethod 525 0x00000272f1af4f10 code [0x00000272f1af50a0, 0x00000272f1af51b8]

GC Heap History (2 events):
Event: 0.270 GC heap before
{Heap before GC invocations=0 (full 0):
 garbage-first heap   total 260096K, used 4096K [0x0000000703800000, 0x0000000800000000)
  region size 2048K, 3 young (6144K), 0 survivors (0K)
 Metaspace       used 12734K, capacity 12843K, committed 12928K, reserved 1097728K
  class space    used 1265K, capacity 1336K, committed 1408K, reserved 1048576K
}
Event: 0.273 GC heap after
{Heap after GC invocations=1 (full 0):
 garbage-first heap   total 260096K, used 1839K [0x0000000703800000, 0x0000000800000000)
  region size 2048K, 1 young (2048K), 1 survivors (2048K)
 Metaspace       used 12734K, capacity 12843K, committed 12928K, reserved 1097728K
  class space    used 1265K, capacity 1336K, committed 1408K, reserved 1048576K
}

Deoptimization events (12 events):
Event: 0.105 Thread 0x00000272e65f6800 Uncommon trap: trap_request=0xffffff45 fr.pc=0x00000272f1ad4054 relative=0x0000000000000234
Event: 0.105 Thread 0x00000272e65f6800 Uncommon trap: reason=unstable_if action=reinterpret pc=0x00000272f1ad4054 method=java.lang.String.hashCode()I @ 13 c2
Event: 0.105 Thread 0x00000272e65f6800 DEOPT PACKING pc=0x00000272f1ad4054 sp=0x000000bbf66fce20
Event: 0.105 Thread 0x00000272e65f6800 DEOPT UNPACKING pc=0x00000272ea04e42f sp=0x000000bbf66fcdb8 mode 2
Event: 0.123 Thread 0x00000272e65f6800 Uncommon trap: trap_request=0xffffff45 fr.pc=0x00000272f1ad6d28 relative=0x0000000000000088
Event: 0.123 Thread 0x00000272e65f6800 Uncommon trap: reason=unstable_if action=reinterpret pc=0x00000272f1ad6d28 method=java.lang.String.charAt(I)C @ 4 c2
Event: 0.123 Thread 0x00000272e65f6800 DEOPT PACKING pc=0x00000272f1ad6d28 sp=0x000000bbf66fc7e0
Event: 0.123 Thread 0x00000272e65f6800 DEOPT UNPACKING pc=0x00000272ea04e42f sp=0x000000bbf66fc780 mode 2
Event: 0.257 Thread 0x00000272e65f6800 Uncommon trap: trap_request=0xffffff45 fr.pc=0x00000272f1aed6a8 relative=0x0000000000000188
Event: 0.257 Thread 0x00000272e65f6800 Uncommon trap: reason=unstable_if action=reinterpret pc=0x00000272f1aed6a8 method=java.lang.String.equals(Ljava/lang/Object;)Z @ 33 c2
Event: 0.257 Thread 0x00000272e65f6800 DEOPT PACKING pc=0x00000272f1aed6a8 sp=0x000000bbf66fedf0
Event: 0.257 Thread 0x00000272e65f6800 DEOPT UNPACKING pc=0x00000272ea04e42f sp=0x000000bbf66fed90 mode 2

Classes unloaded (0 events):
No events

Classes redefined (0 events):
No events

Internal exceptions (11 events):
Event: 0.076 Thread 0x00000272e65f6800 Exception <a 'java/lang/NoSuchMethodError'{0x0000000713556eb8}: 'void java.lang.invoke.DirectMethodHandle$Holder.invokeSpecial(java.lang.Object, java.lang.Object, java.lang.Object)'> (0x0000000713556eb8) 
thrown [./open/src/hotspot/share/interpreter/linkResolver.cpp, line 782]
Event: 0.105 Thread 0x00000272e65f6800 Exception <a 'java/lang/ClassNotFoundException'{0x00000007135a4e40}: sun/awt/resources/spi/awtProvider> (0x00000007135a4e40) 
thrown [./open/src/hotspot/share/classfile/systemDictionary.cpp, line 295]
Event: 0.123 Thread 0x00000272e65f6800 Exception <a 'java/io/FileNotFoundException'{0x0000000713201828}> (0x0000000713201828) 
thrown [./open/src/hotspot/share/prims/jni.cpp, line 578]
Event: 0.128 Thread 0x00000272e65f6800 Exception <a 'java/io/FileNotFoundException'{0x0000000713230300}> (0x0000000713230300) 
thrown [./open/src/hotspot/share/prims/jni.cpp, line 578]
Event: 0.128 Thread 0x00000272e65f6800 Exception <a 'java/lang/NoSuchMethodError'{0x0000000713231af0}: 'java.lang.Object java.lang.invoke.DirectMethodHandle$Holder.invokeStatic(java.lang.Object)'> (0x0000000713231af0) 
thrown [./open/src/hotspot/share/interpreter/linkResolver.cpp, line 782]
Event: 0.163 Thread 0x00000272e65f6800 Exception <a 'java/lang/NoSuchMethodError'{0x000000071328da10}: 'java.lang.Object java.lang.invoke.DirectMethodHandle$Holder.invokeStaticInit(java.lang.Object)'> (0x000000071328da10) 
thrown [./open/src/hotspot/share/interpreter/linkResolver.cpp, line 782]
Event: 0.212 Thread 0x00000272e65f6800 Exception <a 'java/lang/NoSuchMethodError'{0x00000007133706c0}: 'java.lang.Object java.lang.invoke.DirectMethodHandle$Holder.newInvokeSpecial(java.lang.Object, java.lang.Object, java.lang.Object, java.lang.Object, java.lang.Object)'> (0x00000007133706c0) 
thrown [./open/src/hotspot/share/interpreter/linkResolver.cpp, line 782]
Event: 0.213 Thread 0x00000272e65f6800 Exception <a 'java/lang/NoSuchMethodError'{0x000000071337c150}: 'java.lang.Object java.lang.invoke.DirectMethodHandle$Holder.invokeStatic(java.lang.Object, int, java.lang.Object, java.lang.Object, java.lang.Object, java.lang.Object)'> (0x000000071337c150) 
thrown [./open/src/hotspot/share/interpreter/linkResolver.cpp, line 782]
Event: 0.215 Thread 0x00000272e65f6800 Exception <a 'java/lang/NoSuchMethodError'{0x00000007133a23f8}: 'java.lang.Object java.lang.invoke.DirectMethodHandle$Holder.invokeStatic(java.lang.Object, int, java.lang.Object)'> (0x00000007133a23f8) 
thrown [./open/src/hotspot/share/interpreter/linkResolver.cpp, line 782]
Event: 0.228 Thread 0x00000272e65f6800 Exception <a 'java/lang/ClassNotFoundException'{0x000000071305aeb8}: com/sun/swing/internal/plaf/metal/resources/spi/metalProvider> (0x000000071305aeb8) 
thrown [./open/src/hotspot/share/classfile/systemDictionary.cpp, line 295]
Event: 0.228 Thread 0x00000272e65f6800 Exception <a 'java/lang/ClassNotFoundException'{0x000000071305ef28}: com/sun/swing/internal/plaf/basic/resources/spi/basicProvider> (0x000000071305ef28) 
thrown [./open/src/hotspot/share/classfile/systemDictionary.cpp, line 295]

Events (20 events):
Event: 0.269 loading class sun/java2d/loops/DrawGlyphList
Event: 0.269 loading class sun/java2d/loops/DrawGlyphList done
Event: 0.269 loading class sun/java2d/loops/DrawGlyphListAA
Event: 0.269 loading class sun/java2d/loops/DrawGlyphListAA done
Event: 0.269 loading class sun/java2d/loops/DrawGlyphListLCD
Event: 0.269 loading class sun/java2d/loops/DrawGlyphListLCD done
Event: 0.269 loading class sun/java2d/loops/TransformHelper
Event: 0.269 loading class sun/java2d/loops/TransformHelper done
Event: 0.270 loading class java/awt/BasicStroke
Event: 0.270 loading class java/awt/Stroke
Event: 0.270 loading class java/awt/Stroke done
Event: 0.270 loading class java/awt/BasicStroke done
Event: 0.270 loading class sun/java2d/pipe/ValidatePipe
Event: 0.270 loading class sun/java2d/pipe/ValidatePipe done
Event: 0.270 loading class sun/java2d/loops/CustomComponent
Event: 0.270 loading class sun/java2d/loops/CustomComponent done
Event: 0.270 loading class sun/java2d/loops/GraphicsPrimitiveProxy
Event: 0.270 loading class sun/java2d/loops/GraphicsPrimitiveProxy done
Event: 0.270 loading class sun/java2d/loops/GeneralRenderer
Event: 0.270 Executing VM operation: CollectForMetadataAllocation


Dynamic libraries:
0x00007ff689830000 - 0x00007ff68983d000 	C:\Users\Administrator\.p2\pool\plugins\org.eclipse.justj.openjdk.hotspot.jre.full.win32.x86_64_15.0.2.v20210201-0955\jre\bin\javaw.exe
0x00007fff14a80000 - 0x00007fff14c70000 	C:\WINDOWS\SYSTEM32\ntdll.dll
0x00007fff14980000 - 0x00007fff14a32000 	C:\WINDOWS\System32\KERNEL32.DLL
0x00007fff12880000 - 0x00007fff12b25000 	C:\WINDOWS\System32\KERNELBASE.dll
0x00007fff12530000 - 0x00007fff1262a000 	C:\WINDOWS\System32\ucrtbase.dll
0x00007ffedab40000 - 0x00007ffedab58000 	C:\Users\Administrator\.p2\pool\plugins\org.eclipse.justj.openjdk.hotspot.jre.full.win32.x86_64_15.0.2.v20210201-0955\jre\bin\jli.dll
0x00007ffed53e0000 - 0x00007ffed53f9000 	C:\Users\Administrator\.p2\pool\plugins\org.eclipse.justj.openjdk.hotspot.jre.full.win32.x86_64_15.0.2.v20210201-0955\jre\bin\VCRUNTIME140.dll
0x00007fff14600000 - 0x00007fff14794000 	C:\WINDOWS\System32\USER32.dll
0x00007fff119f0000 - 0x00007fff11a11000 	C:\WINDOWS\System32\win32u.dll
0x00007fff145d0000 - 0x00007fff145f6000 	C:\WINDOWS\System32\GDI32.dll
0x00007ffefee20000 - 0x00007ffeff0a4000 	C:\WINDOWS\WinSxS\amd64_microsoft.windows.common-controls_6595b64144ccf1df_6.0.18362.1556_none_9e7e372fe45e41d5\COMCTL32.dll
0x00007fff11b80000 - 0x00007fff11d18000 	C:\WINDOWS\System32\gdi32full.dll
0x00007fff12f80000 - 0x00007fff1301e000 	C:\WINDOWS\System32\msvcrt.dll
0x00007fff12700000 - 0x00007fff1279e000 	C:\WINDOWS\System32\msvcp_win.dll
0x00007fff13160000 - 0x00007fff13496000 	C:\WINDOWS\System32\combase.dll
0x00007fff12e60000 - 0x00007fff12f7f000 	C:\WINDOWS\System32\RPCRT4.dll
0x00007fff127f0000 - 0x00007fff12871000 	C:\WINDOWS\System32\bcryptPrimitives.dll
0x00007fff12b30000 - 0x00007fff12b5e000 	C:\WINDOWS\System32\IMM32.DLL
0x00007ffefa1b0000 - 0x00007ffefa1bc000 	C:\Users\Administrator\.p2\pool\plugins\org.eclipse.justj.openjdk.hotspot.jre.full.win32.x86_64_15.0.2.v20210201-0955\jre\bin\vcruntime140_1.dll
0x00007ffec7b10000 - 0x00007ffec7ba1000 	C:\Users\Administrator\.p2\pool\plugins\org.eclipse.justj.openjdk.hotspot.jre.full.win32.x86_64_15.0.2.v20210201-0955\jre\bin\msvcp140.dll
0x00007ffe84550000 - 0x00007ffe850ae000 	C:\Users\Administrator\.p2\pool\plugins\org.eclipse.justj.openjdk.hotspot.jre.full.win32.x86_64_15.0.2.v20210201-0955\jre\bin\server\jvm.dll
0x00007fff14160000 - 0x00007fff14203000 	C:\WINDOWS\System32\ADVAPI32.dll
0x00007fff14290000 - 0x00007fff14327000 	C:\WINDOWS\System32\sechost.dll
0x00007fff148c0000 - 0x00007fff148c8000 	C:\WINDOWS\System32\PSAPI.DLL
0x00007ffeec3c0000 - 0x00007ffeec3c9000 	C:\WINDOWS\SYSTEM32\WSOCK32.dll
0x00007fff14850000 - 0x00007fff148bf000 	C:\WINDOWS\System32\WS2_32.dll
0x00007fff0f870000 - 0x00007fff0f894000 	C:\WINDOWS\SYSTEM32\WINMM.dll
0x00007fff108f0000 - 0x00007fff108fa000 	C:\WINDOWS\SYSTEM32\VERSION.dll
0x00007fff0f740000 - 0x00007fff0f76d000 	C:\WINDOWS\SYSTEM32\winmmbase.dll
0x00007fff127a0000 - 0x00007fff127ea000 	C:\WINDOWS\System32\cfgmgr32.dll
0x00007fff11940000 - 0x00007fff11951000 	C:\WINDOWS\System32\kernel.appcore.dll
0x00007ffefb940000 - 0x00007ffefb94a000 	C:\Users\Administrator\.p2\pool\plugins\org.eclipse.justj.openjdk.hotspot.jre.full.win32.x86_64_15.0.2.v20210201-0955\jre\bin\jimage.dll
0x00007ffef51f0000 - 0x00007ffef53e4000 	C:\WINDOWS\SYSTEM32\DBGHELP.DLL
0x00007ffef4a10000 - 0x00007ffef4a3a000 	C:\WINDOWS\SYSTEM32\dbgcore.DLL
0x00007ffecd520000 - 0x00007ffecd545000 	C:\Users\Administrator\.p2\pool\plugins\org.eclipse.justj.openjdk.hotspot.jre.full.win32.x86_64_15.0.2.v20210201-0955\jre\bin\java.dll
0x00007ffed2d60000 - 0x00007ffed2d78000 	C:\Users\Administrator\.p2\pool\plugins\org.eclipse.justj.openjdk.hotspot.jre.full.win32.x86_64_15.0.2.v20210201-0955\jre\bin\zip.dll
0x00007fff13580000 - 0x00007fff13c67000 	C:\WINDOWS\System32\SHELL32.dll
0x00007fff148d0000 - 0x00007fff14978000 	C:\WINDOWS\System32\shcore.dll
0x00007fff11db0000 - 0x00007fff1252b000 	C:\WINDOWS\System32\windows.storage.dll
0x00007fff11980000 - 0x00007fff1199e000 	C:\WINDOWS\System32\profapi.dll
0x00007fff119a0000 - 0x00007fff119ea000 	C:\WINDOWS\System32\powrprof.dll
0x00007fff11930000 - 0x00007fff11940000 	C:\WINDOWS\System32\UMPDC.dll
0x00007fff12c30000 - 0x00007fff12c82000 	C:\WINDOWS\System32\shlwapi.dll
0x00007fff126e0000 - 0x00007fff126f7000 	C:\WINDOWS\System32\cryptsp.dll
0x00007ffed1860000 - 0x00007ffed1879000 	C:\Users\Administrator\.p2\pool\plugins\org.eclipse.justj.openjdk.hotspot.jre.full.win32.x86_64_15.0.2.v20210201-0955\jre\bin\net.dll
0x00007fff0ba60000 - 0x00007fff0bb5a000 	C:\WINDOWS\SYSTEM32\WINHTTP.dll
0x00007fff11170000 - 0x00007fff111d7000 	C:\WINDOWS\system32\mswsock.dll
0x00007ffecee10000 - 0x00007ffecee22000 	C:\Users\Administrator\.p2\pool\plugins\org.eclipse.justj.openjdk.hotspot.jre.full.win32.x86_64_15.0.2.v20210201-0955\jre\bin\nio.dll
0x00007ffec7990000 - 0x00007ffec7b0f000 	C:\Users\Administrator\.p2\pool\plugins\org.eclipse.justj.openjdk.hotspot.jre.full.win32.x86_64_15.0.2.v20210201-0955\jre\bin\awt.dll
0x00007fff12b60000 - 0x00007fff12c25000 	C:\WINDOWS\System32\OLEAUT32.dll
0x00007fff0fa30000 - 0x00007fff0fabf000 	C:\WINDOWS\SYSTEM32\apphelp.dll
0x00007fff0ff50000 - 0x00007fff0ff7d000 	C:\WINDOWS\system32\DWMAPI.DLL
0x00007fff0fb30000 - 0x00007fff0fbc9000 	C:\WINDOWS\system32\uxtheme.dll
0x00007ffedd200000 - 0x00007ffedd356000 	C:\WINDOWS\system32\opengl32.dll
0x00007ffede060000 - 0x00007ffede08c000 	C:\WINDOWS\SYSTEM32\GLU32.dll
0x00007fff104a0000 - 0x00007fff104c0000 	C:\WINDOWS\SYSTEM32\dxcore.dll
0x00007fff13020000 - 0x00007fff13155000 	C:\WINDOWS\System32\MSCTF.dll
0x00007fff12ca0000 - 0x00007fff12df7000 	C:\WINDOWS\System32\ole32.dll
0x00007fff006a0000 - 0x00007fff00867000 	C:\WINDOWS\system32\d3d9.dll
0x00007fff06df0000 - 0x00007fff06fcb000 	C:\WINDOWS\System32\DriverStore\FileRepository\u0369948.inf_amd64_65d2860a9083846b\B369632\aticfx64.dll
0x00007ffeafd90000 - 0x00007ffeafdc3000 	C:\WINDOWS\System32\DriverStore\FileRepository\u0369948.inf_amd64_65d2860a9083846b\B369632\atiu9p64.dll
0x00007ffeaef60000 - 0x00007ffeafcba000 	C:\WINDOWS\System32\DriverStore\FileRepository\u0369948.inf_amd64_65d2860a9083846b\B369632\atiumd64.dll
0x00007fff03f10000 - 0x00007fff03f40000 	C:\WINDOWS\SYSTEM32\amdihk64.dll

dbghelp: loaded successfully - version: 4.0.5 - missing functions: none
symbol engine: initialized successfully - sym options: 0x614 - pdb path: .;C:\Users\Administrator\.p2\pool\plugins\org.eclipse.justj.openjdk.hotspot.jre.full.win32.x86_64_15.0.2.v20210201-0955\jre\bin;C:\WINDOWS\SYSTEM32;C:\WINDOWS\WinSxS\amd64_microsoft.windows.common-controls_6595b64144ccf1df_6.0.18362.1556_none_9e7e372fe45e41d5;C:\Users\Administrator\.p2\pool\plugins\org.eclipse.justj.openjdk.hotspot.jre.full.win32.x86_64_15.0.2.v20210201-0955\jre\bin\server;C:\WINDOWS\System32\DriverStore\FileRepository\u0369948.inf_amd64_65d2860a9083846b\B369632

VM Arguments:
jvm_args: -Dfile.encoding=MS949 -XX:+ShowCodeDetailsInExceptionMessages 
java_command: posApp.Main_POS
java_class_path (initial): D:\workspace\posApp\bin;C:\Program Files (x86)\MySQL\Connector J 8.0\mysql-connector-java-8.0.25.jar
Launcher Type: SUN_STANDARD

[Global flags]
     intx CICompilerCount                          = 4                                         {product} {ergonomic}
     uint ConcGCThreads                            = 2                                         {product} {ergonomic}
     uint G1ConcRefinementThreads                  = 8                                         {product} {ergonomic}
   size_t G1HeapRegionSize                         = 2097152                                   {product} {ergonomic}
    uintx GCDrainStackTargetSize                   = 64                                        {product} {ergonomic}
   size_t InitialHeapSize                          = 266338304                                 {product} {ergonomic}
   size_t MarkStackSize                            = 4194304                                   {product} {ergonomic}
   size_t MaxHeapSize                              = 4236247040                                {product} {ergonomic}
   size_t MaxNewSize                               = 2541748224                                {product} {ergonomic}
   size_t MinHeapDeltaBytes                        = 2097152                                   {product} {ergonomic}
   size_t MinHeapSize                              = 8388608                                   {product} {ergonomic}
    uintx NonNMethodCodeHeapSize                   = 5839372                                {pd product} {ergonomic}
    uintx NonProfiledCodeHeapSize                  = 122909434                              {pd product} {ergonomic}
    uintx ProfiledCodeHeapSize                     = 122909434                              {pd product} {ergonomic}
    uintx ReservedCodeCacheSize                    = 251658240                              {pd product} {ergonomic}
     bool SegmentedCodeCache                       = true                                      {product} {ergonomic}
     bool ShowCodeDetailsInExceptionMessages       = true                                   {manageable} {command line}
   size_t SoftMaxHeapSize                          = 4236247040                             {manageable} {ergonomic}
     bool UseCompressedClassPointers               = true                                 {lp64_product} {ergonomic}
     bool UseCompressedOops                        = true                                 {lp64_product} {ergonomic}
     bool UseG1GC                                  = true                                      {product} {ergonomic}
     bool UseLargePagesIndividualAllocation        = false                                  {pd product} {ergonomic}

Logging:
Log output configuration:
 #0: stdout all=warning uptime,level,tags
 #1: stderr all=off uptime,level,tags

Environment Variables:
PATH=C:/Users/Administrator/.p2/pool/plugins/org.eclipse.justj.openjdk.hotspot.jre.full.win32.x86_64_15.0.2.v20210201-0955/jre/bin/server;C:/Users/Administrator/.p2/pool/plugins/org.eclipse.justj.openjdk.hotspot.jre.full.win32.x86_64_15.0.2.v20210201-0955/jre/bin;C:\app\Administrator\product\18.0.0\dbhomeXE\bin;C:\Program Files (x86)\Common Files\Oracle\Java\javapath;C:\WINDOWS\system32;C:\WINDOWS;C:\WINDOWS\System32\Wbem;C:\WINDOWS\System32\WindowsPowerShell\v1.0\;C:\WINDOWS\System32\OpenSSH\;C:\Program Files (x86)\Intel\Intel(R) Management Engine Components\DAL;C:\Program Files\Intel\Intel(R) Management Engine Components\DAL;C:\Program Files\dotnet\;C:\Program Files (x86)\Microsoft SQL Server\110\Tools\Binn\;C:\Program Files\Microsoft SQL Server\110\Tools\Binn\;C:\Program Files\Microsoft SQL Server\110\DTS\Binn\;C:\Program Files (x86)\Microsoft SQL Server\110\Tools\Binn\ManagementStudio\;C:\Program Files (x86)\Microsoft SQL Server\110\DTS\Binn\;C:\Users\Administrator\AppData\Local\Microsoft\WindowsApps;;C:\Users\Administrator\AppData\Local\Programs\Microsoft VS Code\bin;C:\Users\Administrator\eclipse\java-2021-03\eclipse;
USERNAME=Administrator
OS=Windows_NT
PROCESSOR_IDENTIFIER=Intel64 Family 6 Model 158 Stepping 13, GenuineIntel



---------------  S Y S T E M  ---------------

OS:
 Windows 10 , 64 bit Build 18362 (10.0.18362.1500)
OS uptime: 0 days 2:24 hours

CPU: total 8 (initial active 8) (8 cores per cpu, 1 threads per core) family 6 model 158 stepping 13 microcode 0xde, cmov, cx8, fxsr, mmx, sse, sse2, sse3, ssse3, sse4.1, sse4.2, popcnt, vzeroupper, avx, avx2, aes, clmul, erms, 3dnowpref, lzcnt, tsc, tscinvbit, bmi1, bmi2, adx, fma, clflush, clflushopt

Memory: 4k page, system-wide physical 16158M (7072M free)
TotalPageFile size 16158M (AvailPageFile size 3M)
current process WorkingSet (physical memory assigned to process): 59M, peak: 59M
current process commit charge ("private bytes"): 349M, peak: 353M

vm_info: OpenJDK 64-Bit Server VM (15.0.2+7-27) for windows-amd64 JRE (15.0.2+7-27), built on Dec  7 2020 20:02:38 by "mach5one" with unknown MS VC++:1925

END.
